<?xml version="1.0" encoding="UTF-8"?>
<!-- Generated by org.testng.reporters.JUnitReportReporter -->
<testsuite hostname="DESKTOP-BPTRLO6" name="testcases.LoginTestProvider" tests="3" failures="0" timestamp="29 Jan 2022 03:14:45 GMT" time="2.309" errors="0">
  <testcase name="test" time="0.710" classname="testcases.LoginTestProvider"/>
  <testcase name="test" time="1.044" classname="testcases.LoginTestProvider"/>
  <testcase name="test" time="0.555" classname="testcases.LoginTestProvider"/>
</testsuite> <!-- testcases.LoginTestProvider -->
