<?xml version="1.0" encoding="UTF-8"?>
<!-- Generated by org.testng.reporters.JUnitReportReporter -->
<testsuite skipped="0" hostname="DESKTOP-BPTRLO6" name="testcases.LoginTestSeeker" tests="3" failures="0" timestamp="2022-01-29T08:57:51 IST" time="1.909" errors="0">
  <testcase name="test" time="0.800" classname="testcases.LoginTestSeeker"/>
  <system-out/>
  <testcase name="test" time="0.564" classname="testcases.LoginTestSeeker"/>
  <system-out/>
  <testcase name="test" time="0.545" classname="testcases.LoginTestSeeker"/>
  <system-out/>
</testsuite> <!-- testcases.LoginTestSeeker -->
