<?xml version="1.0" encoding="UTF-8"?>
<!-- Generated by org.testng.reporters.JUnitReportReporter -->
<testsuite skipped="0" hostname="DESKTOP-BPTRLO6" name="testcases.LoginTestProvider" tests="3" failures="0" timestamp="2022-01-29T08:57:51 IST" time="1.757" errors="0">
  <testcase name="test" time="0.664" classname="testcases.LoginTestProvider"/>
  <system-out/>
  <testcase name="test" time="0.509" classname="testcases.LoginTestProvider"/>
  <system-out/>
  <testcase name="test" time="0.584" classname="testcases.LoginTestProvider"/>
  <system-out/>
</testsuite> <!-- testcases.LoginTestProvider -->
